SF:C:\Users\Jared Hunter\cs4790\BlabberApp\BlabberApp.DataStore\BlabAdapter.cs
FN:17,System.Void BlabberApp.DataStore.BlabAdapter::Add(BlabberApp.Domain.Blab)
FNDA:5,System.Void BlabberApp.DataStore.BlabAdapter::Add(BlabberApp.Domain.Blab)
DA:18,5
DA:19,5
DA:20,5
FN:22,System.Void BlabberApp.DataStore.BlabAdapter::Remove(BlabberApp.Domain.Blab)
FNDA:5,System.Void BlabberApp.DataStore.BlabAdapter::Remove(BlabberApp.Domain.Blab)
DA:23,5
DA:24,5
DA:25,5
FN:27,System.Void BlabberApp.DataStore.BlabAdapter::Update(BlabberApp.Domain.Blab)
FNDA:1,System.Void BlabberApp.DataStore.BlabAdapter::Update(BlabberApp.Domain.Blab)
DA:28,1
DA:29,1
DA:30,1
FN:32,System.Collections.IEnumerable BlabberApp.DataStore.BlabAdapter::GetAll()
FNDA:1,System.Collections.IEnumerable BlabberApp.DataStore.BlabAdapter::GetAll()
DA:33,1
DA:34,1
DA:35,1
FN:37,BlabberApp.Domain.Blab BlabberApp.DataStore.BlabAdapter::GetById(System.Guid)
FNDA:4,BlabberApp.Domain.Blab BlabberApp.DataStore.BlabAdapter::GetById(System.Guid)
DA:38,4
DA:40,4
DA:41,4
DA:42,3
DA:44,1
DA:45,1
DA:46,1
DA:48,3
FN:50,System.Collections.IEnumerable BlabberApp.DataStore.BlabAdapter::GetByUserId(System.String)
FNDA:1,System.Collections.IEnumerable BlabberApp.DataStore.BlabAdapter::GetByUserId(System.String)
DA:51,1
DA:52,1
DA:53,1
FN:11,System.Void BlabberApp.DataStore.BlabAdapter::.ctor(BlabberApp.DataStore.IBlabPlugin)
FNDA:7,System.Void BlabberApp.DataStore.BlabAdapter::.ctor(BlabberApp.DataStore.IBlabPlugin)
DA:12,7
DA:13,7
DA:14,7
DA:15,7
LF:27
LH:27
BRF:0
BRH:0
FNF:7
FNH:7
end_of_record
SF:C:\Users\Jared Hunter\cs4790\BlabberApp\BlabberApp.DataStore\InMemory.cs
FN:16,System.Void BlabberApp.DataStore.InMemory::Create(BlabberApp.Domain.IEntity)
FNDA:6,System.Void BlabberApp.DataStore.InMemory::Create(BlabberApp.Domain.IEntity)
DA:17,6
DA:18,6
DA:19,6
FN:21,System.Collections.IEnumerable BlabberApp.DataStore.InMemory::ReadAll()
FNDA:1,System.Collections.IEnumerable BlabberApp.DataStore.InMemory::ReadAll()
DA:22,1
DA:23,1
DA:24,1
FN:26,BlabberApp.Domain.IEntity BlabberApp.DataStore.InMemory::ReadById(System.Guid)
FNDA:3,BlabberApp.Domain.IEntity BlabberApp.DataStore.InMemory::ReadById(System.Guid)
DA:27,3
DA:28,11
DA:29,2
DA:30,4
DA:31,0
DA:32,1
DA:33,2
BRDA:28,57,1,2
BRDA:30,44,0,2
BRDA:30,44,1,0
BRDA:28,57,0,1
FN:34,System.Collections.IEnumerable BlabberApp.DataStore.InMemory::ReadByUserId(System.String)
FNDA:0,System.Collections.IEnumerable BlabberApp.DataStore.InMemory::ReadByUserId(System.String)
DA:35,0
DA:36,0
FN:38,BlabberApp.Domain.IEntity BlabberApp.DataStore.InMemory::ReadByUserEmail(System.String)
FNDA:8,BlabberApp.Domain.IEntity BlabberApp.DataStore.InMemory::ReadByUserEmail(System.String)
DA:39,8
DA:40,27
DA:41,3
DA:42,3
DA:43,3
DA:44,3
DA:46,0
DA:47,5
DA:48,3
BRDA:40,57,1,3
BRDA:42,43,0,3
BRDA:42,43,1,0
BRDA:40,57,0,5
FN:50,System.Void BlabberApp.DataStore.InMemory::Update(BlabberApp.Domain.IEntity)
FNDA:1,System.Void BlabberApp.DataStore.InMemory::Update(BlabberApp.Domain.IEntity)
DA:51,1
DA:52,1
DA:53,1
DA:54,1
FN:56,System.Void BlabberApp.DataStore.InMemory::Delete(BlabberApp.Domain.IEntity)
FNDA:1,System.Void BlabberApp.DataStore.InMemory::Delete(BlabberApp.Domain.IEntity)
DA:57,1
DA:58,1
DA:59,1
FN:10,System.Void BlabberApp.DataStore.InMemory::.ctor()
FNDA:10,System.Void BlabberApp.DataStore.InMemory::.ctor()
DA:11,10
DA:12,10
DA:13,10
DA:14,10
LF:35
LH:31
BRF:8
BRH:6
FNF:8
FNH:7
end_of_record
SF:C:\Users\Jared Hunter\cs4790\BlabberApp\BlabberApp.DataStore\MySqlBlab.cs
FN:25,System.Void BlabberApp.DataStore.MySqlBlab::Close()
FNDA:0,System.Void BlabberApp.DataStore.MySqlBlab::Close()
DA:26,0
DA:27,0
DA:28,0
FN:29,System.Void BlabberApp.DataStore.MySqlBlab::Create(BlabberApp.Domain.IEntity)
FNDA:5,System.Void BlabberApp.DataStore.MySqlBlab::Create(BlabberApp.Domain.IEntity)
DA:30,5
DA:31,5
DA:33,5
DA:34,5
DA:35,5
DA:36,5
DA:37,5
DA:38,5
DA:39,5
DA:40,5
DA:41,5
DA:42,5
DA:43,0
DA:44,0
DA:45,0
DA:47,5
FN:49,System.Collections.IEnumerable BlabberApp.DataStore.MySqlBlab::ReadAll()
FNDA:1,System.Collections.IEnumerable BlabberApp.DataStore.MySqlBlab::ReadAll()
DA:50,1
DA:51,1
DA:52,1
DA:53,1
DA:54,1
DA:55,1
DA:56,1
DA:58,1
DA:60,1
DA:61,5
DA:62,1
DA:63,1
DA:64,1
DA:66,1
DA:68,0
DA:69,0
DA:71,1
BRDA:61,122,1,1
BRDA:61,122,0,1
FN:73,BlabberApp.Domain.IEntity BlabberApp.DataStore.MySqlBlab::ReadById(System.Guid)
FNDA:4,BlabberApp.Domain.IEntity BlabberApp.DataStore.MySqlBlab::ReadById(System.Guid)
DA:74,4
DA:76,4
DA:77,4
DA:79,4
DA:80,4
DA:81,4
DA:82,4
DA:84,4
DA:86,4
DA:87,3
DA:89,3
DA:91,3
DA:93,1
DA:94,1
DA:95,1
DA:97,3
FN:99,System.Collections.IEnumerable BlabberApp.DataStore.MySqlBlab::ReadByUserId(System.String)
FNDA:1,System.Collections.IEnumerable BlabberApp.DataStore.MySqlBlab::ReadByUserId(System.String)
DA:100,1
DA:102,1
DA:103,1
DA:105,1
DA:106,1
DA:107,1
DA:109,1
DA:111,1
DA:113,5
DA:114,1
DA:115,1
DA:116,1
DA:118,1
DA:120,0
DA:121,0
DA:122,0
DA:124,1
BRDA:113,131,1,1
BRDA:113,131,0,1
FN:126,System.Void BlabberApp.DataStore.MySqlBlab::Update(BlabberApp.Domain.IEntity)
FNDA:1,System.Void BlabberApp.DataStore.MySqlBlab::Update(BlabberApp.Domain.IEntity)
DA:127,1
DA:128,1
DA:130,1
DA:131,1
DA:132,1
DA:133,1
DA:134,1
DA:135,1
DA:136,1
DA:137,0
DA:138,0
DA:139,0
DA:141,1
FN:143,System.Void BlabberApp.DataStore.MySqlBlab::Delete(BlabberApp.Domain.IEntity)
FNDA:5,System.Void BlabberApp.DataStore.MySqlBlab::Delete(BlabberApp.Domain.IEntity)
DA:144,5
DA:145,5
DA:146,5
DA:147,5
DA:148,5
DA:149,5
DA:150,0
DA:151,0
DA:153,5
FN:155,BlabberApp.Domain.Blab BlabberApp.DataStore.MySqlBlab::DataRow2Blab(System.Data.DataRow)
FNDA:2,BlabberApp.Domain.Blab BlabberApp.DataStore.MySqlBlab::DataRow2Blab(System.Data.DataRow)
DA:156,2
DA:157,2
DA:159,2
DA:161,2
DA:163,2
DA:164,2
DA:165,2
DA:167,2
DA:168,2
FN:11,System.Void BlabberApp.DataStore.MySqlBlab::.ctor()
FNDA:7,System.Void BlabberApp.DataStore.MySqlBlab::.ctor()
DA:12,7
DA:13,7
DA:14,7
DA:15,7
DA:17,7
DA:18,7
DA:19,7
DA:20,0
DA:21,0
DA:22,0
DA:24,7
LF:111
LH:92
BRF:4
BRH:4
FNF:9
FNH:8
end_of_record
SF:C:\Users\Jared Hunter\cs4790\BlabberApp\BlabberApp.DataStore\MySqlContext.cs
FN:7,Microsoft.EntityFrameworkCore.DbSet`1<BlabberApp.Domain.Blab> BlabberApp.DataStore.MySqlContext::get_Blab()
FNDA:0,Microsoft.EntityFrameworkCore.DbSet`1<BlabberApp.Domain.Blab> BlabberApp.DataStore.MySqlContext::get_Blab()
DA:8,0
FN:9,Microsoft.EntityFrameworkCore.DbSet`1<BlabberApp.Domain.User> BlabberApp.DataStore.MySqlContext::get_User()
FNDA:0,Microsoft.EntityFrameworkCore.DbSet`1<BlabberApp.Domain.User> BlabberApp.DataStore.MySqlContext::get_User()
DA:10,0
FN:12,System.Void BlabberApp.DataStore.MySqlContext::OnConfiguring(Microsoft.EntityFrameworkCore.DbContextOptionsBuilder)
FNDA:0,System.Void BlabberApp.DataStore.MySqlContext::OnConfiguring(Microsoft.EntityFrameworkCore.DbContextOptionsBuilder)
DA:13,0
DA:15,0
DA:16,0
DA:17,0
FN:19,System.Void BlabberApp.DataStore.MySqlContext::OnModelCreating(Microsoft.EntityFrameworkCore.ModelBuilder)
FNDA:0,System.Void BlabberApp.DataStore.MySqlContext::OnModelCreating(Microsoft.EntityFrameworkCore.ModelBuilder)
DA:20,0
DA:21,0
DA:23,0
DA:24,0
DA:25,0
DA:26,0
DA:27,0
DA:28,0
DA:29,0
DA:31,0
DA:32,0
DA:33,0
DA:34,0
DA:35,0
DA:36,0
DA:37,0
DA:38,0
LF:23
LH:0
BRF:0
BRH:0
FNF:4
FNH:0
end_of_record
SF:C:\Users\Jared Hunter\cs4790\BlabberApp\BlabberApp.DataStore\MySqlUser.cs
FN:25,System.Void BlabberApp.DataStore.MySqlUser::Close()
FNDA:0,System.Void BlabberApp.DataStore.MySqlUser::Close()
DA:26,0
DA:27,0
DA:28,0
FN:29,System.Void BlabberApp.DataStore.MySqlUser::Create(BlabberApp.Domain.IEntity)
FNDA:7,System.Void BlabberApp.DataStore.MySqlUser::Create(BlabberApp.Domain.IEntity)
DA:30,7
DA:31,7
DA:33,7
DA:34,7
DA:35,7
DA:36,7
DA:37,7
DA:38,7
DA:39,7
DA:40,7
DA:41,7
DA:42,7
DA:43,0
DA:44,0
DA:45,0
DA:47,7
FN:49,System.Collections.IEnumerable BlabberApp.DataStore.MySqlUser::ReadAll()
FNDA:2,System.Collections.IEnumerable BlabberApp.DataStore.MySqlUser::ReadAll()
DA:50,2
DA:52,2
DA:53,2
DA:54,2
DA:55,2
DA:56,2
DA:58,2
DA:60,2
DA:62,10
DA:63,2
DA:64,2
DA:65,2
DA:67,2
DA:69,0
DA:70,0
DA:71,0
DA:73,2
BRDA:62,120,1,2
BRDA:62,120,0,2
FN:75,BlabberApp.Domain.IEntity BlabberApp.DataStore.MySqlUser::ReadById(System.Guid)
FNDA:2,BlabberApp.Domain.IEntity BlabberApp.DataStore.MySqlUser::ReadById(System.Guid)
DA:76,2
DA:78,2
DA:79,2
DA:80,2
DA:81,2
DA:82,2
DA:84,2
DA:86,2
DA:88,1
DA:90,1
DA:91,1
DA:92,1
DA:94,1
FN:95,BlabberApp.Domain.IEntity BlabberApp.DataStore.MySqlUser::ReadByUserEmail(System.String)
FNDA:11,BlabberApp.Domain.IEntity BlabberApp.DataStore.MySqlUser::ReadByUserEmail(System.String)
DA:96,11
DA:98,11
DA:99,11
DA:100,11
DA:101,11
DA:102,11
DA:104,11
DA:106,11
DA:108,3
DA:110,8
DA:111,8
DA:112,8
DA:114,3
FN:116,System.Void BlabberApp.DataStore.MySqlUser::Update(BlabberApp.Domain.IEntity)
FNDA:1,System.Void BlabberApp.DataStore.MySqlUser::Update(BlabberApp.Domain.IEntity)
DA:117,1
DA:118,1
DA:120,1
DA:121,1
DA:122,1
DA:123,1
DA:124,1
DA:125,1
DA:126,1
DA:127,1
DA:128,0
DA:129,0
DA:130,0
DA:132,1
FN:134,System.Void BlabberApp.DataStore.MySqlUser::Delete(BlabberApp.Domain.IEntity)
FNDA:10,System.Void BlabberApp.DataStore.MySqlUser::Delete(BlabberApp.Domain.IEntity)
DA:135,10
DA:136,10
DA:137,10
DA:138,10
DA:139,10
DA:140,10
DA:141,0
DA:142,0
DA:144,10
FN:146,BlabberApp.Domain.User BlabberApp.DataStore.MySqlUser::DataRow2User(System.Data.DataRow)
FNDA:6,BlabberApp.Domain.User BlabberApp.DataStore.MySqlUser::DataRow2User(System.Data.DataRow)
DA:147,6
DA:148,6
DA:150,6
DA:151,6
DA:152,6
DA:153,6
DA:155,6
DA:156,6
FN:11,System.Void BlabberApp.DataStore.MySqlUser::.ctor()
FNDA:10,System.Void BlabberApp.DataStore.MySqlUser::.ctor()
DA:12,10
DA:13,10
DA:14,10
DA:15,10
DA:17,10
DA:18,10
DA:19,10
DA:20,0
DA:21,0
DA:22,0
DA:24,10
LF:104
LH:87
BRF:2
BRH:2
FNF:9
FNH:8
end_of_record
SF:C:\Users\Jared Hunter\cs4790\BlabberApp\BlabberApp.DataStore\UserAdapter.cs
FN:17,System.Void BlabberApp.DataStore.UserAdapter::Add(BlabberApp.Domain.User)
FNDA:13,System.Void BlabberApp.DataStore.UserAdapter::Add(BlabberApp.Domain.User)
DA:18,13
DA:20,13
DA:21,13
DA:22,1
DA:23,12
DA:24,12
DA:26,12
DA:27,12
DA:28,12
DA:30,0
DA:31,0
DA:32,0
DA:35,1
DA:36,12
FN:38,System.Void BlabberApp.DataStore.UserAdapter::Remove(BlabberApp.Domain.User)
FNDA:10,System.Void BlabberApp.DataStore.UserAdapter::Remove(BlabberApp.Domain.User)
DA:39,10
DA:41,10
DA:42,10
DA:43,10
DA:44,0
DA:45,0
DA:46,0
DA:48,10
FN:50,System.Void BlabberApp.DataStore.UserAdapter::Update(BlabberApp.Domain.User)
FNDA:3,System.Void BlabberApp.DataStore.UserAdapter::Update(BlabberApp.Domain.User)
DA:51,3
DA:53,3
DA:54,3
DA:55,2
DA:56,2
DA:57,1
DA:58,1
DA:59,1
DA:61,2
FN:63,System.Collections.IEnumerable BlabberApp.DataStore.UserAdapter::GetAll()
FNDA:3,System.Collections.IEnumerable BlabberApp.DataStore.UserAdapter::GetAll()
DA:64,3
DA:66,3
DA:67,3
DA:69,0
DA:70,0
DA:71,0
DA:73,3
FN:75,BlabberApp.Domain.User BlabberApp.DataStore.UserAdapter::GetById(System.Guid)
FNDA:5,BlabberApp.Domain.User BlabberApp.DataStore.UserAdapter::GetById(System.Guid)
DA:76,5
DA:78,5
DA:79,5
DA:80,3
DA:82,2
DA:83,2
DA:84,2
DA:86,3
FN:88,BlabberApp.Domain.User BlabberApp.DataStore.UserAdapter::GetByEmail(System.String)
FNDA:19,BlabberApp.Domain.User BlabberApp.DataStore.UserAdapter::GetByEmail(System.String)
DA:89,19
DA:91,19
DA:92,19
DA:93,6
DA:95,13
DA:96,13
DA:97,13
DA:99,6
FN:11,System.Void BlabberApp.DataStore.UserAdapter::.ctor(BlabberApp.DataStore.IUserPlugin)
FNDA:20,System.Void BlabberApp.DataStore.UserAdapter::.ctor(BlabberApp.DataStore.IUserPlugin)
DA:12,20
DA:13,20
DA:14,20
DA:15,20
LF:58
LH:49
BRF:0
BRH:0
FNF:7
FNH:7
end_of_record
SF:C:\Users\Jared Hunter\cs4790\BlabberApp\BlabberApp.DataStore\Exceptions\BlabAdapterExceptions.cs
FN:6,System.Void BlabberApp.DataStore.Exceptions.BlabAdapterException::.ctor(System.String)
FNDA:0,System.Void BlabberApp.DataStore.Exceptions.BlabAdapterException::.ctor(System.String)
DA:7,0
DA:8,0
DA:10,0
FN:11,System.Void BlabberApp.DataStore.Exceptions.BlabAdapterException::.ctor(System.String,System.Exception)
FNDA:0,System.Void BlabberApp.DataStore.Exceptions.BlabAdapterException::.ctor(System.String,System.Exception)
DA:12,0
DA:13,0
DA:15,0
FN:18,System.Void BlabberApp.DataStore.Exceptions.BlabAdapterNotFoundException::.ctor(System.String)
FNDA:1,System.Void BlabberApp.DataStore.Exceptions.BlabAdapterNotFoundException::.ctor(System.String)
DA:19,1
DA:20,1
DA:22,1
FN:23,System.Void BlabberApp.DataStore.Exceptions.BlabAdapterNotFoundException::.ctor(System.String,System.Exception)
FNDA:0,System.Void BlabberApp.DataStore.Exceptions.BlabAdapterNotFoundException::.ctor(System.String,System.Exception)
DA:24,0
DA:25,0
DA:27,0
LF:12
LH:3
BRF:0
BRH:0
FNF:4
FNH:1
end_of_record
SF:C:\Users\Jared Hunter\cs4790\BlabberApp\BlabberApp.DataStore\Exceptions\UserAdapterExceptions.cs
FN:6,System.Void BlabberApp.DataStore.Exceptions.UserAdapterException::.ctor(System.String)
FNDA:1,System.Void BlabberApp.DataStore.Exceptions.UserAdapterException::.ctor(System.String)
DA:7,1
DA:8,1
DA:10,1
FN:11,System.Void BlabberApp.DataStore.Exceptions.UserAdapterException::.ctor(System.String,System.Exception)
FNDA:0,System.Void BlabberApp.DataStore.Exceptions.UserAdapterException::.ctor(System.String,System.Exception)
DA:12,0
DA:13,0
DA:15,0
FN:18,System.Void BlabberApp.DataStore.Exceptions.UserAdapterNotFoundException::.ctor(System.String)
FNDA:15,System.Void BlabberApp.DataStore.Exceptions.UserAdapterNotFoundException::.ctor(System.String)
DA:19,15
DA:20,15
DA:22,15
FN:23,System.Void BlabberApp.DataStore.Exceptions.UserAdapterNotFoundException::.ctor(System.String,System.Exception)
FNDA:0,System.Void BlabberApp.DataStore.Exceptions.UserAdapterNotFoundException::.ctor(System.String,System.Exception)
DA:24,0
DA:25,0
DA:27,0
FN:30,System.Void BlabberApp.DataStore.Exceptions.UserAdapterDuplicateException::.ctor(System.String)
FNDA:1,System.Void BlabberApp.DataStore.Exceptions.UserAdapterDuplicateException::.ctor(System.String)
DA:31,1
DA:32,1
DA:34,1
FN:35,System.Void BlabberApp.DataStore.Exceptions.UserAdapterDuplicateException::.ctor(System.String,System.Exception)
FNDA:0,System.Void BlabberApp.DataStore.Exceptions.UserAdapterDuplicateException::.ctor(System.String,System.Exception)
DA:36,0
DA:37,0
DA:39,0
LF:18
LH:9
BRF:0
BRH:0
FNF:6
FNH:3
end_of_record
SF:C:\Users\Jared Hunter\cs4790\BlabberApp\BlabberApp.Domain\Blab.cs
FN:35,System.Guid BlabberApp.Domain.Blab::get_Id()
FNDA:31,System.Guid BlabberApp.Domain.Blab::get_Id()
DA:36,31
FN:36,System.DateTime BlabberApp.Domain.Blab::get_DTTM()
FNDA:14,System.DateTime BlabberApp.Domain.Blab::get_DTTM()
DA:37,14
FN:37,System.String BlabberApp.Domain.Blab::get_Message()
FNDA:21,System.String BlabberApp.Domain.Blab::get_Message()
DA:38,21
FN:38,BlabberApp.Domain.User BlabberApp.Domain.Blab::get_User()
FNDA:16,BlabberApp.Domain.User BlabberApp.Domain.Blab::get_User()
DA:39,16
FN:40,System.Boolean BlabberApp.Domain.Blab::IsValid()
FNDA:2,System.Boolean BlabberApp.Domain.Blab::IsValid()
DA:41,2
DA:43,2
DA:44,2
FN:7,System.Void BlabberApp.Domain.Blab::.ctor()
FNDA:3,System.Void BlabberApp.Domain.Blab::.ctor()
DA:8,3
DA:9,3
DA:10,3
DA:11,3
DA:12,3
DA:13,3
DA:14,3
FN:14,System.Void BlabberApp.Domain.Blab::.ctor(System.String)
FNDA:1,System.Void BlabberApp.Domain.Blab::.ctor(System.String)
DA:15,1
DA:16,1
DA:17,1
DA:18,1
DA:19,1
DA:20,1
DA:21,1
FN:21,System.Void BlabberApp.Domain.Blab::.ctor(BlabberApp.Domain.User)
FNDA:2,System.Void BlabberApp.Domain.Blab::.ctor(BlabberApp.Domain.User)
DA:22,2
DA:23,2
DA:24,2
DA:25,2
DA:26,2
DA:27,2
DA:28,2
FN:28,System.Void BlabberApp.Domain.Blab::.ctor(System.String,BlabberApp.Domain.User)
FNDA:4,System.Void BlabberApp.Domain.Blab::.ctor(System.String,BlabberApp.Domain.User)
DA:29,4
DA:30,4
DA:31,4
DA:32,4
DA:33,4
DA:34,4
DA:35,4
LF:35
LH:35
BRF:0
BRH:0
FNF:9
FNH:9
end_of_record
SF:C:\Users\Jared Hunter\cs4790\BlabberApp\BlabberApp.Domain\User.cs
FN:6,System.Guid BlabberApp.Domain.User::get_Id()
FNDA:76,System.Guid BlabberApp.Domain.User::get_Id()
DA:7,76
FN:7,System.DateTime BlabberApp.Domain.User::get_RegisterDTTM()
FNDA:16,System.DateTime BlabberApp.Domain.User::get_RegisterDTTM()
DA:8,16
FN:8,System.DateTime BlabberApp.Domain.User::get_LastLoginDTTM()
FNDA:18,System.DateTime BlabberApp.Domain.User::get_LastLoginDTTM()
DA:9,18
FN:9,System.String BlabberApp.Domain.User::get_Email()
FNDA:96,System.String BlabberApp.Domain.User::get_Email()
DA:10,96
FN:23,System.Void BlabberApp.Domain.User::ChangeEmail(System.String)
FNDA:45,System.Void BlabberApp.Domain.User::ChangeEmail(System.String)
DA:24,45
DA:25,45
DA:26,1
DA:28,44
DA:29,44
DA:30,43
DA:31,1
DA:32,1
DA:33,1
DA:35,43
DA:36,43
BRDA:25,7,0,44
BRDA:25,7,1,1
BRDA:25,24,0,1
BRDA:25,24,1,44
FN:37,System.Boolean BlabberApp.Domain.User::IsValid()
FNDA:2,System.Boolean BlabberApp.Domain.User::IsValid()
DA:38,2
DA:39,3
DA:40,1
DA:41,1
BRDA:39,12,0,1
BRDA:39,12,1,1
FN:11,System.Void BlabberApp.Domain.User::.ctor()
FNDA:14,System.Void BlabberApp.Domain.User::.ctor()
DA:12,14
DA:13,14
DA:14,14
DA:15,14
FN:16,System.Void BlabberApp.Domain.User::.ctor(System.String)
FNDA:34,System.Void BlabberApp.Domain.User::.ctor(System.String)
DA:17,34
DA:18,34
DA:19,34
DA:20,34
DA:21,34
LF:28
LH:28
BRF:6
BRH:6
FNF:8
FNH:8
end_of_record