SF:C:\Users\Jared Hunter\cs4790\BlabberApp\BlabberApp.Domain\Blab.cs
FN:35,System.Guid BlabberApp.Domain.Blab::get_Id()
FNDA:16,System.Guid BlabberApp.Domain.Blab::get_Id()
DA:36,16
FN:36,System.DateTime BlabberApp.Domain.Blab::get_DTTM()
FNDA:15,System.DateTime BlabberApp.Domain.Blab::get_DTTM()
DA:37,15
FN:37,System.String BlabberApp.Domain.Blab::get_Message()
FNDA:17,System.String BlabberApp.Domain.Blab::get_Message()
DA:38,17
FN:38,BlabberApp.Domain.User BlabberApp.Domain.Blab::get_User()
FNDA:17,BlabberApp.Domain.User BlabberApp.Domain.Blab::get_User()
DA:39,17
FN:40,System.Boolean BlabberApp.Domain.Blab::IsValid()
FNDA:0,System.Boolean BlabberApp.Domain.Blab::IsValid()
DA:41,0
DA:43,0
DA:44,0
FN:7,System.Void BlabberApp.Domain.Blab::.ctor()
FNDA:10,System.Void BlabberApp.Domain.Blab::.ctor()
DA:8,10
DA:9,10
DA:10,10
DA:11,10
DA:12,10
DA:13,10
DA:14,10
FN:14,System.Void BlabberApp.Domain.Blab::.ctor(System.String)
FNDA:1,System.Void BlabberApp.Domain.Blab::.ctor(System.String)
DA:15,1
DA:16,1
DA:17,1
DA:18,1
DA:19,1
DA:20,1
DA:21,1
FN:21,System.Void BlabberApp.Domain.Blab::.ctor(BlabberApp.Domain.User)
FNDA:1,System.Void BlabberApp.Domain.Blab::.ctor(BlabberApp.Domain.User)
DA:22,1
DA:23,1
DA:24,1
DA:25,1
DA:26,1
DA:27,1
DA:28,1
FN:28,System.Void BlabberApp.Domain.Blab::.ctor(System.String,BlabberApp.Domain.User)
FNDA:1,System.Void BlabberApp.Domain.Blab::.ctor(System.String,BlabberApp.Domain.User)
DA:29,1
DA:30,1
DA:31,1
DA:32,1
DA:33,1
DA:34,1
DA:35,1
LF:35
LH:32
BRF:0
BRH:0
FNF:9
FNH:8
end_of_record
SF:C:\Users\Jared Hunter\cs4790\BlabberApp\BlabberApp.Domain\User.cs
FN:6,System.Guid BlabberApp.Domain.User::get_Id()
FNDA:26,System.Guid BlabberApp.Domain.User::get_Id()
DA:7,26
FN:7,System.DateTime BlabberApp.Domain.User::get_RegisterDTTM()
FNDA:2,System.DateTime BlabberApp.Domain.User::get_RegisterDTTM()
DA:8,2
FN:8,System.DateTime BlabberApp.Domain.User::get_LastLoginDTTM()
FNDA:2,System.DateTime BlabberApp.Domain.User::get_LastLoginDTTM()
DA:9,2
FN:9,System.String BlabberApp.Domain.User::get_Email()
FNDA:4,System.String BlabberApp.Domain.User::get_Email()
DA:10,4
FN:23,System.Void BlabberApp.Domain.User::ChangeEmail(System.String)
FNDA:6,System.Void BlabberApp.Domain.User::ChangeEmail(System.String)
DA:24,6
DA:25,6
DA:26,1
DA:28,5
DA:29,5
DA:30,2
DA:31,3
DA:32,3
DA:33,3
DA:35,2
DA:36,2
BRDA:25,7,0,5
BRDA:25,7,1,1
BRDA:25,24,0,1
BRDA:25,24,1,5
FN:37,System.Boolean BlabberApp.Domain.User::IsValid()
FNDA:0,System.Boolean BlabberApp.Domain.User::IsValid()
DA:38,0
DA:39,0
DA:40,0
DA:41,0
BRDA:39,12,0,0
BRDA:39,12,1,0
FN:11,System.Void BlabberApp.Domain.User::.ctor()
FNDA:22,System.Void BlabberApp.Domain.User::.ctor()
DA:12,22
DA:13,22
DA:14,22
DA:15,22
FN:16,System.Void BlabberApp.Domain.User::.ctor(System.String)
FNDA:1,System.Void BlabberApp.Domain.User::.ctor(System.String)
DA:17,1
DA:18,1
DA:19,1
DA:20,1
DA:21,1
LF:28
LH:24
BRF:6
BRH:4
FNF:8
FNH:7
end_of_record